<?xml version="1.0" encoding="UTF-8"?>
<!-- Generated by org.testng.reporters.JUnitReportReporter -->
<testsuite hostname="YCSLAP1132" failures="0" tests="1" name="cogmentoCRM.Web.testcases.E2E02_AddNewEventTest" time="39.786" errors="0" timestamp="2025-07-01T18:03:16 IST" skipped="0">
  <testcase classname="cogmentoCRM.Web.testcases.E2E02_AddNewEventTest" name="createNewEvent" time="39.786"/>
</testsuite> <!-- cogmentoCRM.Web.testcases.E2E02_AddNewEventTest -->
