<?xml version="1.0" encoding="UTF-8"?>
<!-- Generated by org.testng.reporters.JUnitReportReporter -->
<testsuite hostname="YCSLAP1132" failures="0" tests="1" name="cogmentoCRM.Web.testcases.E2E07_AddNewCaseTest" time="32.122" errors="0" timestamp="2025-07-03T12:06:07 IST" skipped="0">
  <testcase classname="cogmentoCRM.Web.testcases.E2E07_AddNewCaseTest" name="createNewCase" time="32.122"/>
</testsuite> <!-- cogmentoCRM.Web.testcases.E2E07_AddNewCaseTest -->
