<?xml version="1.0" encoding="UTF-8"?>
<!-- Generated by org.testng.reporters.JUnitReportReporter -->
<testsuite hostname="YCSLAP1132" failures="0" tests="2" name="cogmentoCRM.Web.testcases.AddNewEventTest" time="20.360" errors="0" timestamp="2025-06-30T13:02:08 IST" skipped="0">
  <testcase classname="cogmentoCRM.Web.testcases.AddNewEventTest" name="createNewEvent" time="14.626"/>
  <testcase classname="cogmentoCRM.Web.testcases.AddNewEventTest" name="verifyCreatedEventinList" time="5.734"/>
</testsuite> <!-- cogmentoCRM.Web.testcases.AddNewEventTest -->
