<?xml version="1.0" encoding="UTF-8"?>
<!-- Generated by org.testng.reporters.JUnitReportReporter -->
<testsuite hostname="YCSLAP1132" failures="0" tests="1" name="cogmentoCRM.Web.testcases.E2E05_MenusNavigationTest" time="16.069" errors="0" timestamp="2025-07-01T14:35:30 IST" skipped="0">
  <testcase classname="cogmentoCRM.Web.testcases.E2E05_MenusNavigationTest" name="navigateMenusAndVerifyLanding" time="16.069"/>
</testsuite> <!-- cogmentoCRM.Web.testcases.E2E05_MenusNavigationTest -->
