<?xml version="1.0" encoding="UTF-8"?>
<!-- Generated by org.testng.reporters.JUnitReportReporter -->
<testsuite hostname="YCSLAP1132" failures="0" tests="1" name="cogmentoCRM.Web.testcases.E2E05_AddNewCompanyTest" time="25.269" errors="0" timestamp="2025-07-02T17:14:25 IST" skipped="0">
  <testcase classname="cogmentoCRM.Web.testcases.E2E05_AddNewCompanyTest" name="createNewCompany" time="25.269"/>
</testsuite> <!-- cogmentoCRM.Web.testcases.E2E05_AddNewCompanyTest -->
