<?xml version="1.0" encoding="UTF-8"?>
<!-- Generated by org.testng.reporters.JUnitReportReporter -->
<testsuite hostname="YCSLAP1132" failures="0" tests="1" name="cogmentoCRM.Web.testcases.E2E06_AddNewTaskTest" time="26.836" errors="0" timestamp="2025-07-02T17:14:25 IST" skipped="0">
  <testcase classname="cogmentoCRM.Web.testcases.E2E06_AddNewTaskTest" name="createNewTask" time="26.836"/>
</testsuite> <!-- cogmentoCRM.Web.testcases.E2E06_AddNewTaskTest -->
