<?xml version="1.0" encoding="UTF-8"?>
<!-- Generated by org.testng.reporters.JUnitReportReporter -->
<testsuite hostname="YCSLAP1132" failures="0" tests="1" name="cogmentoCRM.Web.testcases.E2E05_AddNewCompanyTest" time="34.820" errors="0" timestamp="2025-07-01T18:03:16 IST" skipped="0">
  <testcase classname="cogmentoCRM.Web.testcases.E2E05_AddNewCompanyTest" name="createNewCompany" time="34.820"/>
</testsuite> <!-- cogmentoCRM.Web.testcases.E2E05_AddNewCompanyTest -->
