<?xml version="1.0" encoding="UTF-8"?>
<!-- Generated by org.testng.reporters.JUnitReportReporter -->
<testsuite hostname="YCSLAP1132" failures="0" tests="1" name="cogmentoCRM.Web.testcases.MenusNavigationTest" time="15.204" errors="0" timestamp="2025-06-30T18:05:20 IST" skipped="0">
  <testcase classname="cogmentoCRM.Web.testcases.MenusNavigationTest" name="navigateMenusAndVerifyLanding" time="15.204"/>
</testsuite> <!-- cogmentoCRM.Web.testcases.MenusNavigationTest -->
