<?xml version="1.0" encoding="UTF-8"?>
<!-- Generated by org.testng.reporters.JUnitReportReporter -->
<testsuite hostname="YCSLAP1132" failures="0" tests="1" name="cogmentoCRM.Web.testcases.E2E03_AddNewContactTest" time="45.425" errors="0" timestamp="2025-07-01T18:03:16 IST" skipped="0">
  <testcase classname="cogmentoCRM.Web.testcases.E2E03_AddNewContactTest" name="createNewContact" time="45.425"/>
</testsuite> <!-- cogmentoCRM.Web.testcases.E2E03_AddNewContactTest -->
