<?xml version="1.0" encoding="UTF-8"?>
<!-- Generated by org.testng.reporters.JUnitReportReporter -->
<testsuite hostname="YCSLAP1132" failures="0" tests="2" name="cogmentoCRM.Web.testcases.AddNewDealTest" time="13.893" errors="0" timestamp="2025-06-30T13:02:08 IST" skipped="0">
  <testcase classname="cogmentoCRM.Web.testcases.AddNewDealTest" name="createNewDeal" time="10.355"/>
  <testcase classname="cogmentoCRM.Web.testcases.AddNewDealTest" name="verifyCreatedDealinList" time="3.538"/>
</testsuite> <!-- cogmentoCRM.Web.testcases.AddNewDealTest -->
