<?xml version="1.0" encoding="UTF-8"?>
<!-- Generated by org.testng.reporters.JUnitReportReporter -->
<testsuite hostname="YCSLAP1132" failures="0" tests="2" name="cogmentoCRM.Web.testcases.AddNewContactTest" time="22.751" errors="0" timestamp="2025-06-30T13:02:08 IST" skipped="0">
  <testcase classname="cogmentoCRM.Web.testcases.AddNewContactTest" name="createNewContact" time="19.706"/>
  <testcase classname="cogmentoCRM.Web.testcases.AddNewContactTest" name="verifyCreatedContactinList" time="3.045"/>
</testsuite> <!-- cogmentoCRM.Web.testcases.AddNewContactTest -->
